y:\mach3wsapi\sdk\customplugin_050408\release\customplugin.pch
y:\mach3wsapi\sdk\customplugin_050408\release\vc140.pdb
y:\mach3wsapi\sdk\customplugin_050408\release\stdafx.obj
y:\mach3wsapi\sdk\customplugin_050408\release\xmlprofile.obj
y:\mach3wsapi\sdk\customplugin_050408\release\utility.obj
y:\mach3wsapi\sdk\customplugin_050408\release\plugintestdlg.obj
y:\mach3wsapi\sdk\customplugin_050408\release\mach3objectmodel.obj
y:\mach3wsapi\sdk\customplugin_050408\release\dbg.obj
y:\mach3wsapi\sdk\customplugin_050408\release\custompluginimpl.obj
y:\mach3wsapi\sdk\customplugin_050408\release\customplugin.obj
y:\mach3wsapi\build\customplugin.lib
y:\mach3wsapi\build\customplugin.exp
y:\mach3wsapi\build\customplugin.dll
y:\mach3wsapi\build\customplugin.pdb
y:\mach3wsapi\sdk\customplugin_050408\release\customplugin.res
y:\mach3wsapi\sdk\customplugin_050408\release\flash.tlh
y:\mach3wsapi\sdk\customplugin_050408\..\..\build\customplugin.dll
y:\mach3wsapi\sdk\customplugin_050408\release\customplugin.tlog\cl.command.1.tlog
y:\mach3wsapi\sdk\customplugin_050408\release\customplugin.tlog\cl.read.1.tlog
y:\mach3wsapi\sdk\customplugin_050408\release\customplugin.tlog\cl.write.1.tlog
y:\mach3wsapi\sdk\customplugin_050408\release\customplugin.tlog\customplugin.write.1u.tlog
y:\mach3wsapi\sdk\customplugin_050408\release\customplugin.tlog\link.command.1.tlog
y:\mach3wsapi\sdk\customplugin_050408\release\customplugin.tlog\link.read.1.tlog
y:\mach3wsapi\sdk\customplugin_050408\release\customplugin.tlog\link.write.1.tlog
y:\mach3wsapi\sdk\customplugin_050408\release\customplugin.tlog\rc.command.1.tlog
y:\mach3wsapi\sdk\customplugin_050408\release\customplugin.tlog\rc.read.1.tlog
y:\mach3wsapi\sdk\customplugin_050408\release\customplugin.tlog\rc.write.1.tlog
